Using pre-set license
Built from '2020.3/release' branch; Version is '2020.3.1f1 (77a89f25062f) revision 7841951'; Using compiler version '192528614'; Build Type 'Release'
OS: 'Windows 10 Education; OS build 19042.1237; Version 2009; 64bit' Language: 'en' Physical Memory: 24467 MB
BatchMode: 1, IsHumanControllingUs: 0, StartBugReporterOnCrash: 0, Is64bit: 1, IsPro: 0

 COMMAND LINE ARGUMENTS:
C:\Program Files\Unity\Hub\Editor\2020.3.1f1\Editor\Unity.exe
-adb2
-batchMode
-noUpm
-name
AssetImportWorker1
-projectPath
D:/LudumDEV/LudumDare2021/LD49/TBA
-logFile
Logs/AssetImportWorker1.log
-srvPort
64624
Successfully changed project path to: D:/LudumDEV/LudumDare2021/LD49/TBA
D:/LudumDEV/LudumDare2021/LD49/TBA
Using Asset Import Pipeline V2.
Refreshing native plugins compatible for Editor in 59.43 ms, found 1 plugins.
Preloading 0 native plugins for Editor in 0.00 ms.
Initialize engine version: 2020.3.1f1 (77a89f25062f)
[Subsystems] Discovering subsystems at path C:/Program Files/Unity/Hub/Editor/2020.3.1f1/Editor/Data/Resources/UnitySubsystems
[Subsystems] Discovering subsystems at path D:/LudumDEV/LudumDare2021/LD49/TBA/Assets
GfxDevice: creating device client; threaded=0
Direct3D:
    Version:  Direct3D 11.0 [level 11.1]
    Renderer: NVIDIA GeForce GTX 1660 SUPER (ID=0x21c4)
    Vendor:   
    VRAM:     5991 MB
    Driver:   30.0.14.7196
Initialize mono
Mono path[0] = 'C:/Program Files/Unity/Hub/Editor/2020.3.1f1/Editor/Data/Managed'
Mono path[1] = 'C:/Program Files/Unity/Hub/Editor/2020.3.1f1/Editor/Data/MonoBleedingEdge/lib/mono/unityjit'
Mono config path = 'C:/Program Files/Unity/Hub/Editor/2020.3.1f1/Editor/Data/MonoBleedingEdge/etc'
Using monoOptions --debugger-agent=transport=dt_socket,embedding=1,server=y,suspend=n,address=127.0.0.1:56764
Begin MonoManager ReloadAssembly
Registering precompiled unity dll's ...
Register platform support module: C:/Program Files/Unity/Hub/Editor/2020.3.1f1/Editor/Data/PlaybackEngines/WebGLSupport/UnityEditor.WebGL.Extensions.dll
Register platform support module: C:/Program Files/Unity/Hub/Editor/2020.3.1f1/Editor/Data/PlaybackEngines/MacStandaloneSupport/UnityEditor.OSXStandalone.Extensions.dll
Register platform support module: C:/Program Files/Unity/Hub/Editor/2020.3.1f1/Editor/Data/PlaybackEngines/WindowsStandaloneSupport/UnityEditor.WindowsStandalone.Extensions.dll
Register platform support module: C:/Program Files/Unity/Hub/Editor/2020.3.1f1/Editor/Data/PlaybackEngines/LinuxStandaloneSupport/UnityEditor.LinuxStandalone.Extensions.dll
Registered in 0.004332 seconds.
Native extension for LinuxStandalone target not found
Native extension for WindowsStandalone target not found
Native extension for OSXStandalone target not found
Native extension for WebGL target not found
Refreshing native plugins compatible for Editor in 47.06 ms, found 1 plugins.
Preloading 0 native plugins for Editor in 0.00 ms.
Invoked RoslynAnalysisRunner static constructor.
RoslynAnalysisRunner will not be running.
RoslynAnalysisRunner has terminated.
Mono: successfully reloaded assembly
- Completed reload, in  1.685 seconds
Platform modules already initialized, skipping
Registering precompiled user dll's ...
Registered in 0.001360 seconds.
Begin MonoManager ReloadAssembly
Native extension for LinuxStandalone target not found
Native extension for WindowsStandalone target not found
Native extension for OSXStandalone target not found
Native extension for WebGL target not found
Refreshing native plugins compatible for Editor in 48.79 ms, found 1 plugins.
Preloading 0 native plugins for Editor in 0.00 ms.
Invoked RoslynAnalysisRunner static constructor.
RoslynAnalysisRunner will not be running.
RoslynAnalysisRunner has terminated.
Mono: successfully reloaded assembly
- Completed reload, in  4.019 seconds
Platform modules already initialized, skipping
========================================================================
Worker process is ready to serve import requests
Launched and connected shader compiler UnityShaderCompiler.exe after 0.13 seconds
Refreshing native plugins compatible for Editor in 0.39 ms, found 1 plugins.
Preloading 0 native plugins for Editor in 0.00 ms.
Unloading 1852 Unused Serialized files (Serialized files now loaded: 0)
System memory in use before: 92.9 MB.
System memory in use after: 92.8 MB.

Unloading 24 unused Assets to reduce memory usage. Loaded Objects now: 2307.
Total: 2.377300 ms (FindLiveObjects: 0.209200 ms CreateObjectMapping: 0.082900 ms MarkObjects: 1.911400 ms  DeleteObjects: 0.171900 ms)

========================================================================
Received Import Request.
  path: Assets/Scripts/Card.cs
  artifactKey: Guid(02fd260b36f44a04f956d07425185e6c) Importer(815301076,1909f56bfc062723c751e8b465ee728b)
Start importing Assets/Scripts/Card.cs using Guid(02fd260b36f44a04f956d07425185e6c) Importer(815301076,1909f56bfc062723c751e8b465ee728b)  -> (artifact id: '96c6c1f32f3de92bc4225c28823261af') in 0.043506 seconds
  Import took 0.047885 seconds .

========================================================================
Received Import Request.
  Time since last request: 80.154189 seconds.
  path: Assets/Scripts/CardData.cs
  artifactKey: Guid(2ef5ba01a365fc8488f754d99b1df800) Importer(815301076,1909f56bfc062723c751e8b465ee728b)
Start importing Assets/Scripts/CardData.cs using Guid(2ef5ba01a365fc8488f754d99b1df800) Importer(815301076,1909f56bfc062723c751e8b465ee728b)  -> (artifact id: '2451bc7a056df3e64735675c294ad093') in 0.021447 seconds
  Import took 0.029386 seconds .

========================================================================
Received Import Request.
  Time since last request: 67.085023 seconds.
  path: Assets/Scripts/CardData.cs
  artifactKey: Guid(2ef5ba01a365fc8488f754d99b1df800) Importer(815301076,1909f56bfc062723c751e8b465ee728b)
Start importing Assets/Scripts/CardData.cs using Guid(2ef5ba01a365fc8488f754d99b1df800) Importer(815301076,1909f56bfc062723c751e8b465ee728b)  -> (artifact id: 'aec13baa511311a8ca90abc6305cf822') in 0.005176 seconds
  Import took 0.008917 seconds .

========================================================================
Received Import Request.
  Time since last request: 877.940146 seconds.
  path: Assets/Scripts/CardData.cs
  artifactKey: Guid(2ef5ba01a365fc8488f754d99b1df800) Importer(815301076,1909f56bfc062723c751e8b465ee728b)
Start importing Assets/Scripts/CardData.cs using Guid(2ef5ba01a365fc8488f754d99b1df800) Importer(815301076,1909f56bfc062723c751e8b465ee728b)  -> (artifact id: 'a4d24d911fd8b3f0c4404eba0fcb5307') in 0.013525 seconds
  Import took 0.018852 seconds .

========================================================================
Received Prepare
Registering precompiled user dll's ...
Registered in 0.002579 seconds.
Begin MonoManager ReloadAssembly
Native extension for LinuxStandalone target not found
Native extension for WindowsStandalone target not found
Native extension for OSXStandalone target not found
Native extension for WebGL target not found
Refreshing native plugins compatible for Editor in 0.37 ms, found 1 plugins.
Preloading 0 native plugins for Editor in 0.00 ms.
Invoked RoslynAnalysisRunner static constructor.
RoslynAnalysisRunner will not be running.
RoslynAnalysisRunner has terminated.
Mono: successfully reloaded assembly
- Completed reload, in  1.096 seconds
Platform modules already initialized, skipping
Refreshing native plugins compatible for Editor in 0.40 ms, found 1 plugins.
Preloading 0 native plugins for Editor in 0.00 ms.
Unloading 1834 Unused Serialized files (Serialized files now loaded: 0)
System memory in use before: 91.8 MB.
System memory in use after: 91.8 MB.

Unloading 12 unused Assets to reduce memory usage. Loaded Objects now: 2311.
Total: 2.542500 ms (FindLiveObjects: 0.225900 ms CreateObjectMapping: 0.069200 ms MarkObjects: 2.111900 ms  DeleteObjects: 0.134200 ms)

========================================================================
Received Import Request.
  Time since last request: 56.664418 seconds.
  path: Assets/Art/Card Backers/cardBackerDamage.png
  artifactKey: Guid(5838f3bf625d384418af8f1b99db9dd6) Importer(815301076,1909f56bfc062723c751e8b465ee728b)
Start importing Assets/Art/Card Backers/cardBackerDamage.png using Guid(5838f3bf625d384418af8f1b99db9dd6) Importer(815301076,1909f56bfc062723c751e8b465ee728b)  -> (artifact id: 'c04216a36b87de9761760f846baba673') in 0.173882 seconds
  Import took 0.178565 seconds .

========================================================================
Received Import Request.
  Time since last request: 13.209310 seconds.
  path: Assets/Art/Card Backers/cardBackerBuff.png
  artifactKey: Guid(76c956d7173dafe409f834a004eff7ed) Importer(815301076,1909f56bfc062723c751e8b465ee728b)
Start importing Assets/Art/Card Backers/cardBackerBuff.png using Guid(76c956d7173dafe409f834a004eff7ed) Importer(815301076,1909f56bfc062723c751e8b465ee728b)  -> (artifact id: 'abb911cc62c10af89321faac827e4df5') in 0.076407 seconds
  Import took 0.082694 seconds .

========================================================================
Received Import Request.
  Time since last request: 9.228625 seconds.
  path: Assets/Art/Card Backers/cardBackerAbility.png
  artifactKey: Guid(cfa17c094ed36734a9abbd57ea148ffa) Importer(815301076,1909f56bfc062723c751e8b465ee728b)
Start importing Assets/Art/Card Backers/cardBackerAbility.png using Guid(cfa17c094ed36734a9abbd57ea148ffa) Importer(815301076,1909f56bfc062723c751e8b465ee728b)  -> (artifact id: 'efbdcb7392f6295713c206dfab2f6e56') in 0.042987 seconds
  Import took 0.048460 seconds .

========================================================================
Received Import Request.
  Time since last request: 18.830526 seconds.
  path: Assets/Art/Card Backers/cardBackerDebuff.png
  artifactKey: Guid(0afe59310fe65a840993b0ef822e4980) Importer(815301076,1909f56bfc062723c751e8b465ee728b)
Start importing Assets/Art/Card Backers/cardBackerDebuff.png using Guid(0afe59310fe65a840993b0ef822e4980) Importer(815301076,1909f56bfc062723c751e8b465ee728b)  -> (artifact id: 'fb0a99c5fe40417664e9f780b52d1d65') in 0.041467 seconds
  Import took 0.050828 seconds .

========================================================================
Received Import Request.
  Time since last request: 275.301165 seconds.
  path: Assets/Resources
  artifactKey: Guid(0c9452951b13b6e4da08a8925378f7e2) Importer(815301076,1909f56bfc062723c751e8b465ee728b)
Start importing Assets/Resources using Guid(0c9452951b13b6e4da08a8925378f7e2) Importer(815301076,1909f56bfc062723c751e8b465ee728b)  -> (artifact id: '53e25f1c69a8cf89e0eee25fed205402') in 0.010824 seconds
  Import took 0.015640 seconds .

========================================================================
Received Import Request.
  Time since last request: 18.463569 seconds.
  path: Assets/Resources/Art/CardBackers
  artifactKey: Guid(07ecc59656888c24e897d341852cc3c1) Importer(815301076,1909f56bfc062723c751e8b465ee728b)
Start importing Assets/Resources/Art/CardBackers using Guid(07ecc59656888c24e897d341852cc3c1) Importer(815301076,1909f56bfc062723c751e8b465ee728b)  -> (artifact id: 'fae45bdd3d969f2f1cdf3ff73e42696e') in 0.016506 seconds
  Import took 0.021580 seconds .

========================================================================
Received Prepare
Registering precompiled user dll's ...
Registered in 0.001336 seconds.
Begin MonoManager ReloadAssembly
Native extension for LinuxStandalone target not found
Native extension for WindowsStandalone target not found
Native extension for OSXStandalone target not found
Native extension for WebGL target not found
Refreshing native plugins compatible for Editor in 0.54 ms, found 1 plugins.
Preloading 0 native plugins for Editor in 0.00 ms.
Invoked RoslynAnalysisRunner static constructor.
RoslynAnalysisRunner will not be running.
RoslynAnalysisRunner has terminated.
Mono: successfully reloaded assembly
- Completed reload, in  1.189 seconds
Platform modules already initialized, skipping
Refreshing native plugins compatible for Editor in 0.43 ms, found 1 plugins.
Preloading 0 native plugins for Editor in 0.00 ms.
Unloading 1834 Unused Serialized files (Serialized files now loaded: 0)
System memory in use before: 94.9 MB.
System memory in use after: 94.9 MB.

Unloading 12 unused Assets to reduce memory usage. Loaded Objects now: 2321.
Total: 3.542800 ms (FindLiveObjects: 0.298000 ms CreateObjectMapping: 0.617000 ms MarkObjects: 2.482700 ms  DeleteObjects: 0.143300 ms)

========================================================================
Received Prepare
Registering precompiled user dll's ...
Registered in 0.006953 seconds.
Begin MonoManager ReloadAssembly
Native extension for LinuxStandalone target not found
Native extension for WindowsStandalone target not found
Native extension for OSXStandalone target not found
Native extension for WebGL target not found
Refreshing native plugins compatible for Editor in 0.38 ms, found 1 plugins.
Preloading 0 native plugins for Editor in 0.00 ms.
Invoked RoslynAnalysisRunner static constructor.
RoslynAnalysisRunner will not be running.
RoslynAnalysisRunner has terminated.
Mono: successfully reloaded assembly
- Completed reload, in  1.919 seconds
Platform modules already initialized, skipping
Refreshing native plugins compatible for Editor in 0.39 ms, found 1 plugins.
Preloading 0 native plugins for Editor in 0.00 ms.
Unloading 1834 Unused Serialized files (Serialized files now loaded: 0)
System memory in use before: 95.0 MB.
System memory in use after: 95.0 MB.

Unloading 12 unused Assets to reduce memory usage. Loaded Objects now: 2325.
Total: 3.276800 ms (FindLiveObjects: 0.213100 ms CreateObjectMapping: 0.098700 ms MarkObjects: 2.746700 ms  DeleteObjects: 0.216600 ms)

========================================================================
Received Prepare
Registering precompiled user dll's ...
Registered in 0.001907 seconds.
Begin MonoManager ReloadAssembly
Native extension for LinuxStandalone target not found
Native extension for WindowsStandalone target not found
Native extension for OSXStandalone target not found
Native extension for WebGL target not found
Refreshing native plugins compatible for Editor in 0.82 ms, found 1 plugins.
Preloading 0 native plugins for Editor in 0.00 ms.
Invoked RoslynAnalysisRunner static constructor.
RoslynAnalysisRunner will not be running.
RoslynAnalysisRunner has terminated.
Mono: successfully reloaded assembly
- Completed reload, in  1.974 seconds
Platform modules already initialized, skipping
Refreshing native plugins compatible for Editor in 1.35 ms, found 1 plugins.
Preloading 0 native plugins for Editor in 0.00 ms.
Unloading 1834 Unused Serialized files (Serialized files now loaded: 0)
System memory in use before: 95.0 MB.
System memory in use after: 95.0 MB.

Unloading 12 unused Assets to reduce memory usage. Loaded Objects now: 2329.
Total: 9.088300 ms (FindLiveObjects: 0.572200 ms CreateObjectMapping: 1.034800 ms MarkObjects: 6.705400 ms  DeleteObjects: 0.774400 ms)

